0 info it worked if it ends with ok
1 verbose cli [ '/usr/bin/node', '/usr/bin/npm', 'show', 'vsce', 'version' ]
2 info using npm@3.5.2
3 info using node@v8.10.0
4 silly mapToRegistry name vsce
5 silly mapToRegistry using default registry
6 silly mapToRegistry registry https://registry.npmjs.org/
7 silly mapToRegistry uri https://registry.npmjs.org/vsce
8 verbose request uri https://registry.npmjs.org/vsce
9 verbose request no auth needed
10 info attempt registry request try #1 at 1:36:41 AM
11 verbose request id 1929cda3f0222bd4
12 verbose etag W/"1d65161770d3853025bbffec6920f58b"
13 verbose lastModified Mon, 25 Mar 2019 12:30:51 GMT
14 http request GET https://registry.npmjs.org/vsce
15 http 304 https://registry.npmjs.org/vsce
16 verbose headers { date: 'Thu, 11 Apr 2019 00:36:43 GMT',
16 verbose headers   connection: 'keep-alive',
16 verbose headers   'set-cookie':
16 verbose headers    [ '__cfduid=d447f22cc3a3a442d2e7e116d205f7b701554943003; expires=Fri, 10-Apr-20 00:36:43 GMT; path=/; domain=.registry.npmjs.org; HttpOnly' ],
16 verbose headers   'cf-cache-status': 'HIT',
16 verbose headers   'cache-control': 'max-age=300',
16 verbose headers   'cf-ray': '4c58e34a0e4dbe39-MXP',
16 verbose headers   etag: '"1d65161770d3853025bbffec6920f58b"',
16 verbose headers   'expect-ct': 'max-age=604800, report-uri="https://report-uri.cloudflare.com/cdn-cgi/beacon/expect-ct"',
16 verbose headers   'last-modified': 'Mon, 25 Mar 2019 12:30:51 GMT',
16 verbose headers   vary: 'accept-encoding, accept',
16 verbose headers   'x-amz-meta-rev': '112-27076eefbf635f64bb82b761dd823275',
16 verbose headers   server: 'cloudflare' }
17 silly get cb [ 304,
17 silly get   { date: 'Thu, 11 Apr 2019 00:36:43 GMT',
17 silly get     connection: 'keep-alive',
17 silly get     'set-cookie':
17 silly get      [ '__cfduid=d447f22cc3a3a442d2e7e116d205f7b701554943003; expires=Fri, 10-Apr-20 00:36:43 GMT; path=/; domain=.registry.npmjs.org; HttpOnly' ],
17 silly get     'cf-cache-status': 'HIT',
17 silly get     'cache-control': 'max-age=300',
17 silly get     'cf-ray': '4c58e34a0e4dbe39-MXP',
17 silly get     etag: '"1d65161770d3853025bbffec6920f58b"',
17 silly get     'expect-ct': 'max-age=604800, report-uri="https://report-uri.cloudflare.com/cdn-cgi/beacon/expect-ct"',
17 silly get     'last-modified': 'Mon, 25 Mar 2019 12:30:51 GMT',
17 silly get     vary: 'accept-encoding, accept',
17 silly get     'x-amz-meta-rev': '112-27076eefbf635f64bb82b761dd823275',
17 silly get     server: 'cloudflare' } ]
18 verbose etag https://registry.npmjs.org/vsce from cache
19 verbose get saving vsce to /home/alessandro/.npm/registry.npmjs.org/vsce/.cache.json
20 verbose exit [ 0, true ]
21 verbose stack Error: write EPIPE
21 verbose stack     at _errnoException (util.js:1022:11)
21 verbose stack     at WriteWrap.afterWrite [as oncomplete] (net.js:880:14)
22 verbose cwd /mnt/c/Users/caste/Documents/GitHub/bigraphlanguage
23 error Linux 4.4.0-17763-Microsoft
24 error argv "/usr/bin/node" "/usr/bin/npm" "show" "vsce" "version"
25 error node v8.10.0
26 error npm  v3.5.2
27 error code EPIPE
28 error errno EPIPE
29 error syscall write
30 error write EPIPE
31 error If you need help, you may report this error at:
31 error     <https://github.com/npm/npm/issues>
32 verbose exit [ 1, true ]
